0.00130194
0.00129762
0.00129334
0.00128908
0.00128485
0.00128064
0.00127647
0.00127232
0.00126819
0.00126409
0.00126002
0.00125598
0.00125195
0.00124796
0.00124399
0.00124004
0.00123612
0.00123222
0.00122835
0.0012245
0.00122068
0.00121687
0.00121309
0.00120934
0.00120561
0.00120189
0.00119821
0.00119454
0.0011909
0.00118727
0.00118367
0.00118009
0.00117654
0.001173
0.00116948
0.00116599
0.00116251
0.00115906
0.00115562
0.00115221
0.00114881
0.00114544
0.00114208
0.00113874
0.00113543
0.00113213
0.00112885
0.00112559
0.00112234
0.00111912
0.00111591
0.00111272
0.00110955
0.0011064
0.00110327
0.00110015
0.00109705
0.00109396
0.0010909
0.00108785
0.00108482
0.0010818
0.0010788
0.00107582
0.00107285
0.0010699
0.00106696
0.00106404
0.00106114
0.00105825
0.00105538
0.00105252
0.00104968
0.00104685
0.00104404
0.00104124
0.00103846
0.00103569
0.00103294
0.0010302
0.00102747
0.00102476
0.00102206
0.00101938
0.00101671
0.00101406
0.00101141
0.00100878
0.00100617
0.00100357
0.00100098
0.000998404
0.000995842
0.000993292
0.000990756
0.000988232
0.00098572
0.000983221
0.000980735
0.000978261
