0.262637
0.262627
0.262617
0.262607
0.262597
0.262587
0.262577
0.262567
0.262558
0.262548
0.262538
0.262529
0.262519
0.262509
0.2625
0.262491
0.262481
0.262472
0.262462
0.262453
0.262444
0.262435
0.262425
0.262416
0.262407
0.262398
0.262389
0.26238
0.262371
0.262362
0.262353
0.262344
0.262336
0.262327
0.262318
0.262309
0.262301
0.262292
0.262283
0.262275
0.262266
0.262258
0.262249
0.262241
0.262232
0.262224
0.262216
0.262207
0.262199
0.262191
0.262183
0.262174
0.262166
0.262158
0.26215
0.262142
0.262134
0.262126
0.262118
0.26211
0.262102
0.262094
0.262086
0.262078
0.262071
0.262063
0.262055
0.262047
0.26204
0.262032
0.262024
0.262017
0.262009
0.262002
0.261994
0.261987
0.261979
0.261972
0.261965
0.261957
0.26195
0.261942
0.261935
0.261928
0.261921
0.261913
0.261906
0.261899
0.261892
0.261885
0.261878
0.261871
0.261864
0.261857
0.26185
0.261843
0.261836
0.261829
0.261822
0.261815
0.261808
0.261801
0.261795
0.261788
0.261781
0.261774
0.261768
0.261761
0.261754
0.261748
0.261741
0.261735
0.261728
0.261722
0.261715
0.261709
0.261702
0.261696
0.261689
0.261683
0.261676
0.26167
0.261664
0.261657
0.261651
0.261645
0.261639
0.261632
0.261626
0.26162
0.261614
0.261608
0.261602
0.261595
0.261589
0.261583
0.261577
0.261571
0.261565
0.261559
0.261553
0.261547
0.261541
0.261535
0.26153
0.261524
0.261518
0.261512
0.261506
0.2615
0.261495
0.261489
0.261483
0.261477
0.261472
0.261466
0.26146
0.261455
0.261449
0.261444
0.261438
0.261432
0.261427
0.261421
0.261416
0.26141
0.261405
0.261399
0.261394
0.261388
0.261383
0.261378
0.261372
0.261367
0.261362
0.261356
0.261351
0.261346
0.26134
0.261335
0.26133
0.261325
0.261319
0.261314
0.261309
0.261304
0.261299
0.261294
0.261288
0.261283
0.261278
0.261273
0.261268
0.261263
0.261258
0.261253
0.261248
0.261243
0.261238
0.261233
0.261228
0.261223
0.261218
0.261213
0.261209
0.261204
0.261199
0.261194
0.261189
0.261184
0.26118
0.261175
0.26117
0.261165
0.261161
0.261156
0.261151
0.261146
0.261142
0.261137
0.261132
0.261128
0.261123
0.261119
0.261114
0.261109
0.261105
0.2611
0.261096
0.261091
0.261087
0.261082
0.261078
0.261073
0.261069
0.261064
0.26106
0.261055
0.261051
0.261047
0.261042
0.261038
0.261033
0.261029
0.261025
0.26102
0.261016
0.261012
0.261007
0.261003
0.260999
0.260995
0.26099
0.260986
0.260982
0.260978
0.260974
0.260969
0.260965
0.260961
0.260957
0.260953
0.260949
0.260944
0.26094
0.260936
0.260932
0.260928
0.260924
0.26092
0.260916
0.260912
0.260908
0.260904
0.2609
0.260896
0.260892
0.260888
0.260884
0.26088
0.260876
0.260872
0.260868
0.260864
0.26086
0.260857
0.260853
0.260849
0.260845
0.260841
0.260837
0.260834
0.26083
0.260826
0.260822
0.260818
0.260815
0.260811
0.260807
0.260803
0.2608
0.260796
0.260792
0.260788
0.260785
0.260781
0.260777
0.260774
0.26077
0.260766
0.260763
0.260759
0.260756
0.260752
0.260748
0.260745
0.260741
0.260738
0.260734
0.260731
0.260727
0.260724
0.26072
0.260716
0.260713
0.260709
0.260706
0.260703
0.260699
0.260696
0.260692
0.260689
0.260685
0.260682
0.260678
0.260675
0.260672
0.260668
0.260665
0.260661
0.260658
0.260655
0.260651
0.260648
0.260645
0.260641
0.260638
0.260635
0.260631
0.260628
0.260625
0.260622
0.260618
0.260615
0.260612
0.260609
0.260605
0.260602
0.260599
0.260596
0.260592
0.260589
0.260586
0.260583
0.26058
0.260577
0.260573
0.26057
0.260567
0.260564
0.260561
0.260558
0.260555
0.260552
0.260548
0.260545
0.260542
0.260539
0.260536
0.260533
0.26053
0.260527
0.260524
0.260521
0.260518
0.260515
0.260512
0.260509
0.260506
0.260503
0.2605
0.260497
0.260494
0.260491
0.260488
0.260485
0.260482
0.260479
0.260476
0.260473
0.26047
0.260467
0.260465
0.260462
0.260459
0.260456
0.260453
0.26045
0.260447
0.260444
0.260442
0.260439
0.260436
0.260433
0.26043
0.260427
0.260425
0.260422
0.260419
0.260416
0.260414
0.260411
0.260408
0.260405
0.260402
0.2604
0.260397
0.260394
0.260391
0.260389
0.260386
0.260383
0.260381
0.260378
0.260375
0.260373
0.26037
0.260367
0.260364
0.260362
0.260359
0.260357
0.260354
0.260351
0.260349
0.260346
0.260343
0.260341
0.260338
0.260335
0.260333
0.26033
0.260328
0.260325
0.260323
0.26032
0.260317
0.260315
0.260312
0.26031
0.260307
0.260305
0.260302
0.2603
0.260297
0.260295
0.260292
0.26029
0.260287
0.260285
0.260282
0.26028
0.260277
0.260275
0.260272
0.26027
0.260267
0.260265
0.260262
0.26026
0.260257
0.260255
0.260253
0.26025
0.260248
0.260245
0.260243
0.26024
0.260238
0.260236
0.260233
0.260231
0.260229
0.260226
0.260224
0.260221
0.260219
0.260217
0.260214
0.260212
0.26021
0.260207
0.260205
0.260203
0.2602
0.260198
0.260196
0.260193
0.260191
0.260189
0.260187
0.260184
0.260182
0.26018
0.260177
0.260175
0.260173
0.260171
0.260168
0.260166
0.260164
0.260162
0.260159
0.260157
0.260155
0.260153
0.260151
0.260148
0.260146
0.260144
0.260142
0.26014
0.260137
0.260135
0.260133
0.260131
0.260129
0.260126
0.260124
0.260122
0.26012
0.260118
0.260116
0.260114
0.260111
0.260109
0.260107
0.260105
0.260103
0.260101
0.260099
0.260097
0.260094
0.260092
0.26009
0.260088
0.260086
0.260084
0.260082
0.26008
0.260078
0.260076
0.260074
0.260072
0.26007
0.260068
0.260065
0.260063
0.260061
0.260059
0.260057
0.260055
0.260053
0.260051
0.260049
0.260047
0.260045
0.260043
0.260041
0.260039
0.260037
0.260035
0.260033
0.260031
0.260029
0.260027
0.260025
0.260023
0.260021
0.260019
0.260018
0.260016
0.260014
0.260012
0.26001
0.260008
0.260006
0.260004
0.260002
0.26
0.259998
0.259996
0.259994
0.259992
0.259991
0.259989
0.259987
0.259985
0.259983
0.259981
0.259979
0.259977
0.259975
0.259974
0.259972
0.25997
0.259968
0.259966
0.259964
0.259962
0.259961
0.259959
0.259957
0.259955
0.259953
0.259951
0.25995
0.259948
0.259946
0.259944
0.259942
0.259941
0.259939
0.259937
0.259935
0.259933
0.259932
0.25993
0.259928
0.259926
0.259924
0.259923
0.259921
0.259919
0.259917
0.259916
0.259914
0.259912
0.25991
0.259909
0.259907
0.259905
0.259903
0.259902
0.2599
0.259898
0.259896
0.259895
0.259893
0.259891
0.259889
0.259888
0.259886
0.259884
0.259883
0.259881
0.259879
0.259878
0.259876
0.259874
0.259872
0.259871
0.259869
0.259867
0.259866
0.259864
0.259862
0.259861
0.259859
0.259857
0.259856
0.259854
0.259852
0.259851
0.259849
0.259848
0.259846
0.259844
0.259843
0.259841
0.259839
0.259838
0.259836
0.259835
0.259833
0.259831
0.25983
0.259828
0.259826
0.259825
0.259823
0.259822
0.25982
0.259818
0.259817
0.259815
0.259814
0.259812
0.259811
0.259809
0.259807
0.259806
0.259804
0.259803
0.259801
0.2598
0.259798
0.259797
0.259795
0.259793
0.259792
0.25979
0.259789
0.259787
0.259786
0.259784
0.259783
0.259781
0.25978
0.259778
0.259777
0.259775
0.259774
0.259772
0.25977
0.259769
0.259767
0.259766
0.259764
0.259763
0.259761
0.25976
0.259759
0.259757
0.259756
0.259754
0.259753
0.259751
0.25975
0.259748
0.259747
0.259745
0.259744
0.259742
0.259741
0.259739
0.259738
0.259736
0.259735
0.259734
0.259732
0.259731
0.259729
0.259728
0.259726
0.259725
0.259724
0.259722
0.259721
0.259719
0.259718
0.259716
0.259715
0.259714
0.259712
0.259711
0.259709
0.259708
0.259707
0.259705
0.259704
0.259702
0.259701
0.2597
0.259698
0.259697
0.259695
0.259694
0.259693
0.259691
0.25969
0.259688
0.259687
0.259686
0.259684
0.259683
0.259682
0.25968
0.259679
0.259678
0.259676
0.259675
0.259673
0.259672
0.259671
0.259669
0.259668
0.259667
0.259665
0.259664
0.259663
0.259661
0.25966
0.259659
0.259657
0.259656
0.259655
0.259653
0.259652
0.259651
0.25965
0.259648
0.259647
0.259646
0.259644
0.259643
0.259642
0.25964
0.259639
0.259638
0.259637
0.259635
0.259634
0.259633
0.259631
0.25963
0.259629
0.259628
0.259626
0.259625
0.259624
0.259622
0.259621
0.25962
0.259619
0.259617
0.259616
0.259615
0.259614
0.259612
0.259611
0.25961
0.259609
0.259607
0.259606
0.259605
0.259604
0.259602
0.259601
0.2596
0.259599
0.259597
0.259596
0.259595
0.259594
0.259593
0.259591
0.25959
0.259589
0.259588
0.259586
0.259585
0.259584
0.259583
0.259582
0.25958
0.259579
0.259578
0.259577
0.259576
0.259574
0.259573
0.259572
0.259571
0.25957
0.259568
0.259567
0.259566
0.259565
0.259564
0.259563
0.259561
0.25956
0.259559
0.259558
0.259557
0.259555
0.259554
0.259553
0.259552
0.259551
0.25955
0.259549
0.259547
0.259546
0.259545
0.259544
0.259543
0.259542
0.25954
0.259539
0.259538
0.259537
0.259536
0.259535
0.259534
0.259532
0.259531
0.25953
0.259529
0.259528
0.259527
0.259526
0.259525
0.259523
0.259522
0.259521
0.25952
0.259519
0.259518
0.259517
0.259516
0.259515
0.259513
0.259512
0.259511
0.25951
0.259509
0.259508
0.259507
0.259506
0.259505
0.259504
0.259502
0.259501
0.2595
0.259499
0.259498
0.259497
0.259496
0.259495
0.259494
0.259493
0.259492
0.259491
0.259489
0.259488
0.259487
0.259486
0.259485
0.259484
0.259483
0.259482
0.259481
0.25948
0.259479
0.259478
0.259477
0.259476
0.259475
0.259474
0.259473
0.259471
0.25947
0.259469
0.259468
0.259467
0.259466
0.259465
0.259464
0.259463
0.259462
0.259461
0.25946
0.259459
0.259458
0.259457
0.259456
0.259455
0.259454
0.259453
0.259452
0.259451
0.25945
0.259449
0.259448
0.259447
0.259446
0.259445
0.259444
0.259443
0.259442
0.259441
0.25944
0.259439
0.259438
0.259437
0.259436
0.259435
0.259434
0.259433
0.259432
0.259431
0.25943
0.259429
0.259428
0.259427
0.259426
0.259425
0.259424
0.259423
0.259422
0.259421
0.25942
0.259419
0.259418
0.259417
0.259416
0.259415
0.259414
0.259413
0.259412
0.259411
0.25941
0.259409
0.259408
0.259407
0.259406
0.259405
0.259404
0.259404
0.259403
0.259402
0.259401
0.2594
0.259399
0.259398
0.259397
0.259396
0.259395
0.259394
0.259393
0.259392
0.259391
0.25939
0.259389
0.259388
0.259388
0.259387
0.259386
0.259385
0.259384
0.259383
0.259382
0.259381
0.25938
0.259379
0.259378
0.259377
0.259376
0.259375
0.259375
0.259374
0.259373
0.259372
0.259371
0.25937
0.259369
0.259368
0.259367
0.259366
0.259365
0.259365
0.259364
0.259363
0.259362
0.259361
0.25936
0.259359
0.259358
0.259357
0.259357
0.259356
0.259355
0.259354
0.259353
0.259352
0.259351
0.25935
0.259349
0.259349
0.259348
0.259347
0.259346
0.259345
0.259344
0.259343
0.259342
0.259342
0.259341
0.25934
0.259339
0.259338
0.259337
0.259336
0.259335
0.259335
0.259334
0.259333
0.259332
0.259331
0.25933
0.259329
0.259329
0.259328
0.259327
0.259326
0.259325
0.259324
0.259323
0.259323
0.259322
0.259321
0.25932
0.259319
0.259318
0.259318
0.259317
0.259316
0.259315
0.259314
0.259313
0.259312
0.259312
0.259311
0.25931
0.259309
0.259308
0.259308
0.259307
0.259306
0.259305
0.259304
0.259303
0.259303
0.259302
0.259301
0.2593
0.259299
0.259298
0.259298
0.259297
0.259296
0.259295
0.259294
0.259294
0.259293
0.259292
0.259291
0.25929
0.25929
0.259289
0.259288
0.259287
0.259286
0.259285
0.259285
0.259284
0.259283
0.259282
0.259281
0.259281
0.25928
0.259279
0.259278
0.259278
0.259277
0.259276
0.259275
0.259274
0.259274
0.259273
0.259272
0.259271
0.25927
0.25927
0.259269
0.259268
0.259267
0.259267
0.259266
0.259265
0.259264
0.259263
0.259263
0.259262
0.259261
0.25926
0.25926
0.259259
0.259258
0.259257
0.259256
0.259256
0.259255
0.259254
0.259253
0.259253
0.259252
0.259251
0.25925
0.25925
0.259249
0.259248
0.259247
0.259247
0.259246
0.259245
0.259244
0.259244
0.259243
0.259242
0.259241
0.259241
0.25924
0.259239
0.259238
0.259238
0.259237
0.259236
0.259235
0.259235
0.259234
0.259233
0.259232
0.259232
0.259231
0.25923
0.259229
0.259229
0.259228
0.259227
0.259227
0.259226
0.259225
0.259224
0.259224
0.259223
0.259222
0.259221
0.259221
0.25922
0.259219
0.259219
0.259218
0.259217
0.259216
0.259216
0.259215
0.259214
0.259213
0.259213
0.259212
0.259211
0.259211
0.25921
0.259209
0.259209
0.259208
0.259207
0.259206
0.259206
0.259205
0.259204
0.259204
0.259203
0.259202
0.259201
0.259201
0.2592
0.259199
0.259199
0.259198
0.259197
0.259197
0.259196
0.259195
0.259194
0.259194
0.259193
0.259192
0.259192
0.259191
0.25919
0.25919
0.259189
0.259188
0.259188
0.259187
0.259186
0.259185
0.259185
0.259184
0.259183
0.259183
0.259182
0.259181
0.259181
0.25918
0.259179
0.259179
0.259178
0.259177
0.259177
0.259176
0.259175
0.259175
0.259174
0.259173
0.259173
0.259172
0.259171
0.259171
0.25917
0.259169
0.259169
0.259168
0.259167
0.259167
0.259166
0.259165
0.259165
0.259164
0.259163
0.259163
0.259162
0.259161
0.259161
0.25916
0.259159
0.259159
0.259158
0.259157
0.259157
0.259156
0.259155
0.259155
0.259154
0.259154
0.259153
0.259152
0.259152
0.259151
0.25915
0.25915
0.259149
0.259148
0.259148
0.259147
0.259146
0.259146
0.259145
0.259145
0.259144
0.259143
0.259143
0.259142
0.259141
0.259141
0.25914
0.259139
0.259139
0.259138
0.259138
0.259137
0.259136
0.259136
0.259135
0.259134
0.259134
0.259133
0.259133
0.259132
0.259131
0.259131
0.25913
0.259129
0.259129
0.259128
0.259128
0.259127
0.259126
0.259126
0.259125
0.259124
0.259124
0.259123
0.259123
0.259122
0.259121
0.259121
0.25912
0.25912
0.259119
0.259118
0.259118
0.259117
0.259116
0.259116
0.259115
0.259115
0.259114
0.259113
0.259113
0.259112
0.259112
0.259111
0.25911
0.25911
0.259109
0.259109
0.259108
0.259107
0.259107
0.259106
0.259106
0.259105
0.259104
0.259104
0.259103
0.259103
0.259102
0.259101
0.259101
0.2591
0.2591
0.259099
0.259099
0.259098
0.259097
0.259097
0.259096
0.259096
0.259095
0.259094
0.259094
0.259093
0.259093
0.259092
0.259092
0.259091
0.25909
0.25909
0.259089
0.259089
0.259088
0.259087
0.259087
0.259086
0.259086
0.259085
0.259085
0.259084
0.259083
0.259083
0.259082
0.259082
0.259081
0.259081
0.25908
0.259079
0.259079
0.259078
0.259078
0.259077
0.259077
0.259076
0.259075
0.259075
0.259074
0.259074
0.259073
0.259073
0.259072
0.259072
0.259071
0.25907
0.25907
0.259069
0.259069
0.259068
0.259068
0.259067
0.259067
0.259066
0.259065
0.259065
0.259064
0.259064
0.259063
0.259063
0.259062
0.259062
0.259061
0.25906
0.25906
0.259059
0.259059
0.259058
0.259058
0.259057
0.259057
0.259056
0.259056
0.259055
0.259054
0.259054
0.259053
0.259053
0.259052
0.259052
0.259051
0.259051
0.25905
0.25905
0.259049
0.259048
0.259048
0.259047
0.259047
0.259046
0.259046
0.259045
0.259045
0.259044
0.259044
0.259043
0.259043
0.259042
0.259042
0.259041
0.25904
0.25904
0.259039
0.259039
0.259038
0.259038
0.259037
0.259037
0.259036
0.259036
0.259035
0.259035
0.259034
0.259034
0.259033
0.259033
0.259032
0.259032
0.259031
0.259031
0.25903
0.25903
0.259029
0.259028
0.259028
0.259027
0.259027
0.259026
0.259026
0.259025
0.259025
0.259024
0.259024
0.259023
0.259023
0.259022
0.259022
0.259021
0.259021
0.25902
0.25902
0.259019
0.259019
0.259018
0.259018
0.259017
0.259017
0.259016
0.259016
0.259015
0.259015
0.259014
0.259014
0.259013
0.259013
0.259012
0.259012
0.259011
0.259011
0.25901
0.25901
0.259009
0.259009
0.259008
0.259008
0.259007
0.259007
0.259006
0.259006
0.259005
0.259005
0.259004
0.259004
0.259003
0.259003
0.259002
0.259002
0.259001
0.259001
0.259
0.259
0.258999
0.258999
0.258998
0.258998
0.258997
0.258997
0.258996
0.258996
0.258995
0.258995
0.258994
0.258994
0.258994
0.258993
0.258993
0.258992
0.258992
0.258991
0.258991
0.25899
0.25899
0.258989
0.258989
0.258988
0.258988
0.258987
0.258987
0.258986
0.258986
0.258985
0.258985
0.258984
0.258984
0.258984
0.258983
0.258983
0.258982
0.258982
0.258981
0.258981
0.25898
0.25898
0.258979
0.258979
0.258978
0.258978
0.258977
0.258977
